0 silly input [ 'build' ]
1 silly flags { _: [ 'run' ],
1 silly flags   'reject-cycles': false,
1 silly flags   rejectCycles: false,
1 silly flags   parallel: true,
1 silly flags   script: 'build',
1 silly flags   args: [] }
2 verbose rootPath /Users/adrian/dev/webiny-js
3 info version 2.9.0
4 silly existsSync /Users/adrian/dev/webiny-js/VERSION
5 info versioning independent
6 silly initialize attempt
7 silly initialize success
8 silly execute attempt
9 info run in 27 package(s): npm run build
10 silly runScriptInPackageStreaming [ 'build', [], 'webiny-api-cms' ]
11 silly getExecOpts { cwd: '/Users/adrian/dev/webiny-js/packages/webiny-api-cms' }
12 silly runScriptInPackageStreaming [ 'build', [], 'webiny-api-security' ]
13 silly getExecOpts { cwd: '/Users/adrian/dev/webiny-js/packages/webiny-api-security' }
14 silly runScriptInPackageStreaming [ 'build', [], 'webiny-api' ]
15 silly getExecOpts { cwd: '/Users/adrian/dev/webiny-js/packages/webiny-api' }
16 silly runScriptInPackageStreaming [ 'build', [], 'webiny-app-admin' ]
17 silly getExecOpts { cwd: '/Users/adrian/dev/webiny-js/packages/webiny-app-admin' }
18 silly runScriptInPackageStreaming [ 'build', [], 'webiny-app-security-admin' ]
19 silly getExecOpts { cwd: '/Users/adrian/dev/webiny-js/packages/webiny-app-security-admin' }
20 silly runScriptInPackageStreaming [ 'build', [], 'webiny-app-security' ]
21 silly getExecOpts { cwd: '/Users/adrian/dev/webiny-js/packages/webiny-app-security' }
22 silly runScriptInPackageStreaming [ 'build', [], 'webiny-app-ui' ]
23 silly getExecOpts { cwd: '/Users/adrian/dev/webiny-js/packages/webiny-app-ui' }
24 silly runScriptInPackageStreaming [ 'build', [], 'webiny-app' ]
25 silly getExecOpts { cwd: '/Users/adrian/dev/webiny-js/packages/webiny-app' }
26 silly runScriptInPackageStreaming [ 'build', [], 'webiny-compose' ]
27 silly getExecOpts { cwd: '/Users/adrian/dev/webiny-js/packages/webiny-compose' }
28 silly runScriptInPackageStreaming [ 'build', [], 'webiny-data-extractor' ]
29 silly getExecOpts { cwd: '/Users/adrian/dev/webiny-js/packages/webiny-data-extractor' }
30 silly runScriptInPackageStreaming [ 'build', [], 'webiny-entity-memory' ]
31 silly getExecOpts { cwd: '/Users/adrian/dev/webiny-js/packages/webiny-entity-memory' }
32 silly runScriptInPackageStreaming [ 'build', [], 'webiny-entity-mysql' ]
33 silly getExecOpts { cwd: '/Users/adrian/dev/webiny-js/packages/webiny-entity-mysql' }
34 silly runScriptInPackageStreaming [ 'build', [], 'webiny-entity' ]
35 silly getExecOpts { cwd: '/Users/adrian/dev/webiny-js/packages/webiny-entity' }
36 silly runScriptInPackageStreaming [ 'build', [], 'webiny-file-storage-local' ]
37 silly getExecOpts { cwd: '/Users/adrian/dev/webiny-js/packages/webiny-file-storage-local' }
38 silly runScriptInPackageStreaming [ 'build', [], 'webiny-file-storage-s3' ]
39 silly getExecOpts { cwd: '/Users/adrian/dev/webiny-js/packages/webiny-file-storage-s3' }
40 silly runScriptInPackageStreaming [ 'build', [], 'webiny-file-storage' ]
41 silly getExecOpts { cwd: '/Users/adrian/dev/webiny-js/packages/webiny-file-storage' }
42 silly runScriptInPackageStreaming [ 'build', [], 'webiny-i18n-react' ]
43 silly getExecOpts { cwd: '/Users/adrian/dev/webiny-js/packages/webiny-i18n-react' }
44 silly runScriptInPackageStreaming [ 'build', [], 'webiny-i18n' ]
45 silly getExecOpts { cwd: '/Users/adrian/dev/webiny-js/packages/webiny-i18n' }
46 silly runScriptInPackageStreaming [ 'build', [], 'webiny-jimp' ]
47 silly getExecOpts { cwd: '/Users/adrian/dev/webiny-js/packages/webiny-jimp' }
48 silly runScriptInPackageStreaming [ 'build', [], 'webiny-model' ]
49 silly getExecOpts { cwd: '/Users/adrian/dev/webiny-js/packages/webiny-model' }
50 silly runScriptInPackageStreaming [ 'build', [], 'webiny-mysql-connection' ]
51 silly getExecOpts { cwd: '/Users/adrian/dev/webiny-js/packages/webiny-mysql-connection' }
52 silly runScriptInPackageStreaming [ 'build', [], 'webiny-scripts' ]
53 silly getExecOpts { cwd: '/Users/adrian/dev/webiny-js/packages/webiny-scripts' }
54 silly runScriptInPackageStreaming [ 'build', [], 'webiny-service-manager' ]
55 silly getExecOpts { cwd: '/Users/adrian/dev/webiny-js/packages/webiny-service-manager' }
56 silly runScriptInPackageStreaming [ 'build', [], 'webiny-sql-table-mysql' ]
57 silly getExecOpts { cwd: '/Users/adrian/dev/webiny-js/packages/webiny-sql-table-mysql' }
58 silly runScriptInPackageStreaming [ 'build', [], 'webiny-sql-table-sync' ]
59 silly getExecOpts { cwd: '/Users/adrian/dev/webiny-js/packages/webiny-sql-table-sync' }
60 silly runScriptInPackageStreaming [ 'build', [], 'webiny-sql-table' ]
61 silly getExecOpts { cwd: '/Users/adrian/dev/webiny-js/packages/webiny-sql-table' }
62 silly runScriptInPackageStreaming [ 'build', [], 'webiny-validation' ]
63 silly getExecOpts { cwd: '/Users/adrian/dev/webiny-js/packages/webiny-validation' }
64 error execute callback with error
65 error Error: Command failed: yarn run build
65 error SyntaxError: src/index.js: Unexpected token, expected , (47:17)
65 error   45 |         const parts = data.translation.split(/({.*?})/);
65 error   46 |         return (
65 error > 47 |             <i18n-text>
65 error      |                  ^
65 error   48 |                 {parts.map((part, index) => (
65 error   49 |                     <i18n-text-part key={index}>
65 error   50 |                         {processTextPart(part, data.values, data.i18n.modifiers)}
65 error error Command failed with exit code 1.
65 error
65 error $ babel src -d lib --source-maps --copy-files
65 error info Visit https://yarnpkg.com/en/docs/cli/run for documentation about this command.
65 error
65 error     at Promise.all.then.arr (/Users/adrian/dev/webiny-js/node_modules/execa/index.js:236:11)
65 error     at <anonymous>
