Arguments: 
  /usr/local/bin/node /Users/paveldenisjuk/.yarn/bin/yarn.js build

PATH: 
  /opt/local/bin:/opt/local/sbin:/Users/paveldenisjuk/.yarn/bin:/usr/local/bin:/usr/bin:/bin:/usr/sbin:/sbin:./node_modules/.bin

Yarn version: 
  1.5.1

Node version: 
  8.10.0

Platform: 
  darwin x64

npm manifest: 
  {
    "scripts": {
      "develop": "./../../node_modules/.bin/webiny-scripts develop-app src",
      "production:build": "./../../node_modules/.bin/webiny-scripts build-app src --require=babel-register",
      "production:serve": "./../../node_modules/.bin/webiny-scripts serve src --require=babel-register",
      "develop:theme": "./../../node_modules/.bin/webiny-scripts develop-plugin Theme"
    }
  }

yarn manifest: 
  No manifest

Lockfile: 
  No lockfile

Trace: 
  Error: Command "build" not found.
      at new MessageError (/Users/paveldenisjuk/.yarn/lib/cli.js:186:110)
      at /Users/paveldenisjuk/.yarn/lib/cli.js:87307:17
      at Generator.next (<anonymous>)
      at step (/Users/paveldenisjuk/.yarn/lib/cli.js:98:30)
      at /Users/paveldenisjuk/.yarn/lib/cli.js:116:14
      at new Promise (<anonymous>)
      at new F (/Users/paveldenisjuk/.yarn/lib/cli.js:23451:28)
      at /Users/paveldenisjuk/.yarn/lib/cli.js:95:12
      at runCommand (/Users/paveldenisjuk/.yarn/lib/cli.js:87312:22)
      at Object.<anonymous> (/Users/paveldenisjuk/.yarn/lib/cli.js:87412:14)
